#
# A fatal error has been detected by the Java Runtime Environment:
#
#  SIGSEGV (0xb) at pc=0x000000010184c594, pid=4276, tid=0x0000000000004b07
#
# JRE version: Java(TM) SE Runtime Environment (8.0_101-b13) (build 1.8.0_101-b13)
# Java VM: Java HotSpot(TM) 64-Bit Server VM (25.101-b13 mixed mode bsd-amd64 compressed oops)
# Problematic frame:
# V  [libjvm.dylib+0x44c594]  Method::checked_resolve_jmethod_id(_jmethodID*)+0xe
#
# Failed to write core dump. Core dumps have been disabled. To enable core dumping, try "ulimit -c unlimited" before starting Java again
#
# If you would like to submit a bug report, please visit:
#   http://bugreport.java.com/bugreport/crash.jsp
#

---------------  T H R E A D  ---------------

Current thread (0x00007fefe6817800):  JavaThread "JDWP Transport Listener: dt_socket" daemon [_thread_in_vm, id=19207, stack(0x000070000f331000,0x000070000f431000)]

siginfo: si_signo: 11 (SIGSEGV), si_code: 1 (SEGV_MAPERR), si_addr: 0x0000000000000133

Registers:
RAX=0x0000000000000001, RBX=0x000070000f430a8b, RCX=0x0000000101c1f360, RDX=0x000070000f430a8b
RSP=0x000070000f4309d0, RBP=0x000070000f4309e0, RSI=0x00007fefe6817800, RDI=0x0000000000000133
R8 =0x0000000000000000, R9 =0x00007fefe77c12e0, R10=0x000007fefe77c176, R11=0x0000000000000001
R12=0x00007fefe6817800, R13=0x0000000000000133, R14=0x0000000000000133, R15=0x00007fefe4e03c30
RIP=0x000000010184c594, EFLAGS=0x0000000000010206, ERR=0x0000000000000004
  TRAPNO=0x000000000000000e

Top of Stack: (sp=0x000070000f4309d0)
0x000070000f4309d0:   000070000f430a8b 000070000f430a8b
0x000070000f4309e0:   000070000f430a40 00000001017580d2
0x000070000f4309f0:   00007fefe6817800 0000000000000000
0x000070000f430a00:   0000000000000000 0000000000000000
0x000070000f430a10:   00007fefe6817800 00007fefe6817800
0x000070000f430a20:   000070000f430a8b 000070000f430a90
0x000070000f430a30:   0000000000000133 0000000000000012
0x000070000f430a40:   000070000f430a60 0000000100abd780
0x000070000f430a50:   0000000000000001 000070000f430b08
0x000070000f430a60:   000070000f430ad0 0000000100aa21f3
0x000070000f430a70:   000070000f430aa0 00007fefe77c1bf0
0x000070000f430a80:   0000001300000032 f000100a01430b08
0x000070000f430a90:   0000000000000000 0000000000000000
0x000070000f430aa0:   0000000000000000 000070000f430c90
0x000070000f430ab0:   0000000100ac4e7a 00007fefe77b8320
0x000070000f430ac0:   000070000f430b08 0000000100ad0598
0x000070000f430ad0:   000070000f430ae0 0000000100aa22ec
0x000070000f430ae0:   000070000f430d00 0000000100aab898
0x000070000f430af0:   0000606300000013 00000000000f0200
0x000070000f430b00:   00007fefe77c1830 00007fefe6b4baa3
0x000070000f430b10:   00000000000008bd 00007fefe77bf4c0
0x000070000f430b20:   000001000000012c 000070000f430b58
0x000070000f430b30:   00007fefe7770320 00007f0000000000
0x000070000f430b40:   000060630000001c 00007fef0000b580
0x000070000f430b50:   000070000f430b58 ef7f000013000000
0x000070000f430b60:   08000000f86988e7 35246164626d616c
0x000070000f430b70:   616a4c2812000000 2f6c6974752f6176
0x000070000f430b80:   00005a293b70614d 00000a1000f00000
0x000070000f430b90:   0000800096e7ef7f 3e74696e693c0600
0x000070000f430ba0:   0056292803000000 0001000000000000
0x000070000f430bb0:   00404a88e7ef7f00 0000746567030000
0x000070000f430bc0:   616a4c2949281300 2f6c6974752f6176 

Instructions: (pc=0x000000010184c594)
0x000000010184c574:   40 48 48 85 c0 75 e0 30 c0 0f b6 c0 5d c3 31 c0
0x000000010184c584:   5d c3 55 48 89 e5 53 48 83 ec 08 48 85 ff 74 24
0x000000010184c594:   48 8b 1f 48 85 db 74 1c 48 83 fb 37 74 16 48 8b
0x000000010184c5a4:   03 48 89 df ff 50 10 84 c0 b8 00 00 00 00 48 0f 

Register to memory mapping:

RAX=0x0000000000000001 is an unknown value
RBX=0x000070000f430a8b is pointing into the stack for thread: 0x00007fefe6817800
RCX=0x0000000101c1f360: UseMembar+0 in /Library/Java/JavaVirtualMachines/jdk1.8.0_101.jdk/Contents/Home/jre/lib/server/libjvm.dylib at 0x0000000101400000
RDX=0x000070000f430a8b is pointing into the stack for thread: 0x00007fefe6817800
RSP=0x000070000f4309d0 is pointing into the stack for thread: 0x00007fefe6817800
RBP=0x000070000f4309e0 is pointing into the stack for thread: 0x00007fefe6817800
RSI=0x00007fefe6817800 is a thread
RDI=0x0000000000000133 is an unknown value
R8 =0x0000000000000000 is an unknown value
R9 =0x00007fefe77c12e0 is an unknown value
R10=0x000007fefe77c176 is an unknown value
R11=0x0000000000000001 is an unknown value
R12=0x00007fefe6817800 is a thread
R13=0x0000000000000133 is an unknown value
R14=0x0000000000000133 is an unknown value
R15=0x00007fefe4e03c30 is an unknown value


Stack: [0x000070000f331000,0x000070000f431000],  sp=0x000070000f4309d0,  free space=1022k
Native frames: (J=compiled Java code, j=interpreted, Vv=VM code, C=native code)
V  [libjvm.dylib+0x44c594]  Method::checked_resolve_jmethod_id(_jmethodID*)+0xe
V  [libjvm.dylib+0x3580d2]  jvmti_IsMethodSynthetic+0xb2
C  [libjdwp.dylib+0x20780]  isMethodSynthetic+0x63
C  [libjdwp.dylib+0x51f3]  methods1+0x10b
C  [libjdwp.dylib+0x52ec]  methodsWithGeneric+0xe
C  [libjdwp.dylib+0xe898]  debugLoop_run+0x1ce
C  [libjdwp.dylib+0x1f6ba]  attachThread+0x4d
V  [libjvm.dylib+0x399438]  JvmtiAgentThread::call_start_function()+0x38
V  [libjvm.dylib+0x5695ab]  JavaThread::thread_main_inner()+0x9b
V  [libjvm.dylib+0x56ac98]  JavaThread::run()+0x1c2
V  [libjvm.dylib+0x48933a]  java_start(Thread*)+0xf6
C  [libsystem_pthread.dylib+0x3661]  _pthread_body+0x154
C  [libsystem_pthread.dylib+0x350d]  _pthread_body+0x0
C  [libsystem_pthread.dylib+0x2bf9]  thread_start+0xd
C  0x0000000000000000


---------------  P R O C E S S  ---------------

Java Threads: ( => current thread )
  0x00007fefe5010800 JavaThread "DestroyJavaVM" [_thread_blocked, id=9987, stack(0x000070000ea16000,0x000070000eb16000)]
  0x00007fefe6182800 JavaThread "http-nio-8080-AsyncTimeout" daemon [_thread_blocked, id=37891, stack(0x0000700011391000,0x0000700011491000)]
  0x00007fefe5d8f000 JavaThread "http-nio-8080-Acceptor-0" daemon [_thread_in_native, id=38147, stack(0x000070001128e000,0x000070001138e000)]
  0x00007fefe5d90800 JavaThread "http-nio-8080-ClientPoller-1" daemon [_thread_in_native, id=26627, stack(0x000070001118b000,0x000070001128b000)]
  0x00007fefe55ef000 JavaThread "http-nio-8080-ClientPoller-0" daemon [_thread_in_native, id=38659, stack(0x0000700011088000,0x0000700011188000)]
  0x00007fefe55ee000 JavaThread "http-nio-8080-exec-10" daemon [_thread_blocked, id=39171, stack(0x0000700010f85000,0x0000700011085000)]
  0x00007fefe55ed800 JavaThread "http-nio-8080-exec-9" daemon [_thread_blocked, id=39427, stack(0x0000700010e82000,0x0000700010f82000)]
  0x00007fefe6c22000 JavaThread "http-nio-8080-exec-8" daemon [_thread_blocked, id=25859, stack(0x0000700010d7f000,0x0000700010e7f000)]
  0x00007fefe55de800 JavaThread "http-nio-8080-exec-7" daemon [_thread_blocked, id=39939, stack(0x0000700010c7c000,0x0000700010d7c000)]
  0x00007fefe6c21000 JavaThread "http-nio-8080-exec-6" daemon [_thread_blocked, id=25347, stack(0x0000700010b79000,0x0000700010c79000)]
  0x00007fefe557b000 JavaThread "http-nio-8080-exec-5" daemon [_thread_blocked, id=25091, stack(0x0000700010a76000,0x0000700010b76000)]
  0x00007fefe6873800 JavaThread "http-nio-8080-exec-4" daemon [_thread_blocked, id=40963, stack(0x0000700010973000,0x0000700010a73000)]
  0x00007fefe6872800 JavaThread "http-nio-8080-exec-3" daemon [_thread_blocked, id=24579, stack(0x0000700010870000,0x0000700010970000)]
  0x00007fefe6860800 JavaThread "http-nio-8080-exec-2" daemon [_thread_blocked, id=41219, stack(0x000070001076d000,0x000070001086d000)]
  0x00007fefe5d8e800 JavaThread "http-nio-8080-exec-1" daemon [_thread_blocked, id=4359, stack(0x000070001066a000,0x000070001076a000)]
  0x00007fefe6183800 JavaThread "NioBlockingSelector.BlockPoller-1" daemon [_thread_in_native, id=4103, stack(0x0000700010567000,0x0000700010667000)]
  0x00007fefe6c87000 JavaThread "HikariPool-1 housekeeper" daemon [_thread_blocked, id=23555, stack(0x0000700010361000,0x0000700010461000)]
  0x00007fefe6c8e000 JavaThread "MVStore background writer nio:/Users/madeoffat/eclipse-workspace/categorytree/target/db/categories.mv.db" daemon [_thread_blocked, id=41991, stack(0x000070001025e000,0x000070001035e000)]
  0x00007fefe54af000 JavaThread "container-0" [_thread_blocked, id=42499, stack(0x000070001015b000,0x000070001025b000)]
  0x00007fefe5bf6800 JavaThread "ContainerBackgroundProcessor[StandardEngine[Tomcat]]" daemon [_thread_blocked, id=42755, stack(0x0000700010058000,0x0000700010158000)]
  0x00007fefe526c800 JavaThread "RMI TCP Accept-0" daemon [_thread_in_native, id=21763, stack(0x000070000fc4c000,0x000070000fd4c000)]
  0x00007fefe5992800 JavaThread "RMI TCP Accept-61366" daemon [_thread_in_native, id=17411, stack(0x000070000fb49000,0x000070000fc49000)]
  0x00007fefe598d000 JavaThread "RMI TCP Accept-0" daemon [_thread_in_native, id=17667, stack(0x000070000fa46000,0x000070000fb46000)]
  0x00007fefe580d000 JavaThread "Service Thread" daemon [_thread_blocked, id=16643, stack(0x000070000f943000,0x000070000fa43000)]
  0x00007fefe505a800 JavaThread "C1 CompilerThread2" daemon [_thread_blocked, id=18179, stack(0x000070000f840000,0x000070000f940000)]
  0x00007fefe600f000 JavaThread "C2 CompilerThread1" daemon [_thread_blocked, id=18435, stack(0x000070000f73d000,0x000070000f83d000)]
  0x00007fefe600e000 JavaThread "C2 CompilerThread0" daemon [_thread_blocked, id=15875, stack(0x000070000f63a000,0x000070000f73a000)]
  0x00007fefe580c000 JavaThread "JDWP Command Reader" daemon [_thread_in_native, id=15363, stack(0x000070000f537000,0x000070000f637000)]
  0x00007fefe5031000 JavaThread "JDWP Event Helper Thread" daemon [_thread_blocked, id=18947, stack(0x000070000f434000,0x000070000f534000)]
=>0x00007fefe6817800 JavaThread "JDWP Transport Listener: dt_socket" daemon [_thread_in_vm, id=19207, stack(0x000070000f331000,0x000070000f431000)]
  0x00007fefe602a000 JavaThread "Signal Dispatcher" daemon [_thread_blocked, id=14339, stack(0x000070000f22e000,0x000070000f32e000)]
  0x00007fefe581b800 JavaThread "Finalizer" daemon [_thread_blocked, id=12291, stack(0x000070000f12b000,0x000070000f22b000)]
  0x00007fefe680f000 JavaThread "Reference Handler" daemon [_thread_blocked, id=12035, stack(0x000070000f028000,0x000070000f128000)]

Other Threads:
  0x00007fefe6029800 VMThread [stack: 0x000070000ef25000,0x000070000f025000] [id=11523]
  0x00007fefe5257000 WatcherThread [stack: 0x000070000fd4f000,0x000070000fe4f000] [id=43267]

VM state:not at safepoint (normal execution)

VM Mutex/Monitor currently owned by a thread: None

Heap:
 PSYoungGen      total 236032K, used 119503K [0x0000000795580000, 0x00000007a5480000, 0x00000007c0000000)
  eden space 218624K, 46% used [0x0000000795580000,0x000000079b9b1788,0x00000007a2b00000)
  from space 17408K, 97% used [0x00000007a4380000,0x00000007a54027d0,0x00000007a5480000)
  to   space 19968K, 0% used [0x00000007a2d80000,0x00000007a2d80000,0x00000007a4100000)
 ParOldGen       total 87040K, used 22476K [0x0000000740000000, 0x0000000745500000, 0x0000000795580000)
  object space 87040K, 25% used [0x0000000740000000,0x00000007415f33e8,0x0000000745500000)
 Metaspace       used 55309K, capacity 57714K, committed 57984K, reserved 1099776K
  class space    used 7299K, capacity 7730K, committed 7808K, reserved 1048576K

Card table byte_map: [0x000000010275d000,0x0000000102b5e000] byte_map_base: 0x00000000fed5d000

Marking Bits: (ParMarkBitMap*) 0x0000000101cedd20
 Begin Bits: [0x0000000115465000, 0x0000000117465000)
 End Bits:   [0x0000000117465000, 0x0000000119465000)

Polling page: 0x0000000100a9c000

CodeCache: size=245760Kb used=11779Kb max_used=11796Kb free=233980Kb
 bounds [0x0000000106465000, 0x0000000106ff5000, 0x0000000115465000]
 total_blobs=6315 nmethods=5756 adapters=479
 compilation: enabled

Compilation events (10 events):
Event: 244.131 Thread 0x00007fefe505a800 5889       1       org.apache.catalina.webresources.Cache$EvictionOrder::compare (13 bytes)
Event: 244.131 Thread 0x00007fefe505a800 nmethod 5889 0x0000000106fec6d0 code [0x0000000106fec840, 0x0000000106feca30]
Event: 244.131 Thread 0x00007fefe505a800 5890       1       org.apache.catalina.webresources.Cache$EvictionOrder::compare (31 bytes)
Event: 244.132 Thread 0x00007fefe505a800 nmethod 5890 0x0000000106fecb90 code [0x0000000106fecd00, 0x0000000106fece70]
Event: 259.095 Thread 0x00007fefe505a800 5891       1       java.util.Collections$SetFromMap::iterator (10 bytes)
Event: 259.095 Thread 0x00007fefe505a800 nmethod 5891 0x0000000106fecf50 code [0x0000000106fed0c0, 0x0000000106fed208]
Event: 261.816 Thread 0x00007fefe505a800 5892       1       org.apache.tomcat.util.net.NioBlockingSelector$BlockPoller::events (54 bytes)
Event: 261.817 Thread 0x00007fefe505a800 nmethod 5892 0x0000000106fed290 code [0x0000000106fed420, 0x0000000106fed838]
Event: 324.162 Thread 0x00007fefe505a800 5893       1       org.apache.catalina.core.ContainerBase::getBackgroundProcessorDelay (5 bytes)
Event: 324.162 Thread 0x00007fefe505a800 nmethod 5893 0x0000000106fed9d0 code [0x0000000106fedb20, 0x0000000106fedc30]

GC Heap History (10 events):
Event: 4.262 GC heap before
{Heap before GC invocations=8 (full 1):
 PSYoungGen      total 114688K, used 114431K [0x0000000795580000, 0x000000079d080000, 0x00000007c0000000)
  eden space 105984K, 100% used [0x0000000795580000,0x000000079bd00000,0x000000079bd00000)
  from space 8704K, 97% used [0x000000079c800000,0x000000079d03fc40,0x000000079d080000)
  to   space 9728K, 0% used [0x000000079bd80000,0x000000079bd80000,0x000000079c700000)
 ParOldGen       total 53760K, used 5598K [0x0000000740000000, 0x0000000743480000, 0x0000000795580000)
  object space 53760K, 10% used [0x0000000740000000,0x0000000740577bf8,0x0000000743480000)
 Metaspace       used 30194K, capacity 31666K, committed 31872K, reserved 1077248K
  class space    used 4062K, capacity 4374K, committed 4480K, reserved 1048576K
Event: 4.290 GC heap after
Heap after GC invocations=8 (full 1):
 PSYoungGen      total 116224K, used 9711K [0x0000000795580000, 0x00000007a1480000, 0x00000007c0000000)
  eden space 106496K, 0% used [0x0000000795580000,0x0000000795580000,0x000000079bd80000)
  from space 9728K, 99% used [0x000000079bd80000,0x000000079c6fbfd8,0x000000079c700000)
  to   space 13824K, 0% used [0x00000007a0700000,0x00000007a0700000,0x00000007a1480000)
 ParOldGen       total 53760K, used 10794K [0x0000000740000000, 0x0000000743480000, 0x0000000795580000)
  object space 53760K, 20% used [0x0000000740000000,0x0000000740a8a960,0x0000000743480000)
 Metaspace       used 30194K, capacity 31666K, committed 31872K, reserved 1077248K
  class space    used 4062K, capacity 4374K, committed 4480K, reserved 1048576K
}
Event: 4.646 GC heap before
{Heap before GC invocations=9 (full 1):
 PSYoungGen      total 116224K, used 33535K [0x0000000795580000, 0x00000007a1480000, 0x00000007c0000000)
  eden space 106496K, 22% used [0x0000000795580000,0x0000000796cc3cf0,0x000000079bd80000)
  from space 9728K, 99% used [0x000000079bd80000,0x000000079c6fbfd8,0x000000079c700000)
  to   space 13824K, 0% used [0x00000007a0700000,0x00000007a0700000,0x00000007a1480000)
 ParOldGen       total 53760K, used 10794K [0x0000000740000000, 0x0000000743480000, 0x0000000795580000)
  object space 53760K, 20% used [0x0000000740000000,0x0000000740a8a960,0x0000000743480000)
 Metaspace       used 33940K, capacity 35384K, committed 35456K, reserved 1079296K
  class space    used 4439K, capacity 4735K, committed 4736K, reserved 1048576K
Event: 4.690 GC heap after
Heap after GC invocations=9 (full 1):
 PSYoungGen      total 180224K, used 13031K [0x0000000795580000, 0x00000007a2380000, 0x00000007c0000000)
  eden space 166400K, 0% used [0x0000000795580000,0x0000000795580000,0x000000079f800000)
  from space 13824K, 94% used [0x00000007a0700000,0x00000007a13b9ee8,0x00000007a1480000)
  to   space 15360K, 0% used [0x000000079f800000,0x000000079f800000,0x00000007a0700000)
 ParOldGen       total 53760K, used 10866K [0x0000000740000000, 0x0000000743480000, 0x0000000795580000)
  object space 53760K, 20% used [0x0000000740000000,0x0000000740a9c970,0x0000000743480000)
 Metaspace       used 33940K, capacity 35384K, committed 35456K, reserved 1079296K
  class space    used 4439K, capacity 4735K, committed 4736K, reserved 1048576K
}
Event: 4.690 GC heap before
{Heap before GC invocations=10 (full 2):
 PSYoungGen      total 180224K, used 13031K [0x0000000795580000, 0x00000007a2380000, 0x00000007c0000000)
  eden space 166400K, 0% used [0x0000000795580000,0x0000000795580000,0x000000079f800000)
  from space 13824K, 94% used [0x00000007a0700000,0x00000007a13b9ee8,0x00000007a1480000)
  to   space 15360K, 0% used [0x000000079f800000,0x000000079f800000,0x00000007a0700000)
 ParOldGen       total 53760K, used 10866K [0x0000000740000000, 0x0000000743480000, 0x0000000795580000)
  object space 53760K, 20% used [0x0000000740000000,0x0000000740a9c970,0x0000000743480000)
 Metaspace       used 33940K, capacity 35384K, committed 35456K, reserved 1079296K
  class space    used 4439K, capacity 4735K, committed 4736K, reserved 1048576K
Event: 4.810 GC heap after
Heap after GC invocations=10 (full 2):
 PSYoungGen      total 180224K, used 0K [0x0000000795580000, 0x00000007a2380000, 0x00000007c0000000)
  eden space 166400K, 0% used [0x0000000795580000,0x0000000795580000,0x000000079f800000)
  from space 13824K, 0% used [0x00000007a0700000,0x00000007a0700000,0x00000007a1480000)
  to   space 15360K, 0% used [0x000000079f800000,0x000000079f800000,0x00000007a0700000)
 ParOldGen       total 87040K, used 20272K [0x0000000740000000, 0x0000000745500000, 0x0000000795580000)
  object space 87040K, 23% used [0x0000000740000000,0x00000007413cc3a8,0x0000000745500000)
 Metaspace       used 33940K, capacity 35384K, committed 35456K, reserved 1079296K
  class space    used 4439K, capacity 4735K, committed 4736K, reserved 1048576K
}
Event: 6.700 GC heap before
{Heap before GC invocations=11 (full 2):
 PSYoungGen      total 180224K, used 166400K [0x0000000795580000, 0x00000007a2380000, 0x00000007c0000000)
  eden space 166400K, 100% used [0x0000000795580000,0x000000079f800000,0x000000079f800000)
  from space 13824K, 0% used [0x00000007a0700000,0x00000007a0700000,0x00000007a1480000)
  to   space 15360K, 0% used [0x000000079f800000,0x000000079f800000,0x00000007a0700000)
 ParOldGen       total 87040K, used 20272K [0x0000000740000000, 0x0000000745500000, 0x0000000795580000)
  object space 87040K, 23% used [0x0000000740000000,0x00000007413cc3a8,0x0000000745500000)
 Metaspace       used 47109K, capacity 49142K, committed 49280K, reserved 1091584K
  class space    used 6304K, capacity 6706K, committed 6784K, reserved 1048576K
Event: 6.742 GC heap after
Heap after GC invocations=11 (full 2):
 PSYoungGen      total 181760K, used 15342K [0x0000000795580000, 0x00000007a5580000, 0x00000007c0000000)
  eden space 166400K, 0% used [0x0000000795580000,0x0000000795580000,0x000000079f800000)
  from space 15360K, 99% used [0x000000079f800000,0x00000007a06fb900,0x00000007a0700000)
  to   space 18432K, 0% used [0x00000007a4380000,0x00000007a4380000,0x00000007a5580000)
 ParOldGen       total 87040K, used 22468K [0x0000000740000000, 0x0000000745500000, 0x0000000795580000)
  object space 87040K, 25% used [0x0000000740000000,0x00000007415f13e8,0x0000000745500000)
 Metaspace       used 47109K, capacity 49142K, committed 49280K, reserved 1091584K
  class space    used 6304K, capacity 6706K, committed 6784K, reserved 1048576K
}
Event: 26.274 GC heap before
{Heap before GC invocations=12 (full 2):
 PSYoungGen      total 181760K, used 181742K [0x0000000795580000, 0x00000007a5580000, 0x00000007c0000000)
  eden space 166400K, 100% used [0x0000000795580000,0x000000079f800000,0x000000079f800000)
  from space 15360K, 99% used [0x000000079f800000,0x00000007a06fb900,0x00000007a0700000)
  to   space 18432K, 0% used [0x00000007a4380000,0x00000007a4380000,0x00000007a5580000)
 ParOldGen       total 87040K, used 22468K [0x0000000740000000, 0x0000000745500000, 0x0000000795580000)
  object space 87040K, 25% used [0x0000000740000000,0x00000007415f13e8,0x0000000745500000)
 Metaspace       used 54223K, capacity 56568K, committed 56832K, reserved 1097728K
  class space    used 7174K, capacity 7607K, committed 7680K, reserved 1048576K
Event: 26.313 GC heap after
Heap after GC invocations=12 (full 2):
 PSYoungGen      total 236032K, used 16905K [0x0000000795580000, 0x00000007a5480000, 0x00000007c0000000)
  eden space 218624K, 0% used [0x0000000795580000,0x0000000795580000,0x00000007a2b00000)
  from space 17408K, 97% used [0x00000007a4380000,0x00000007a54027d0,0x00000007a5480000)
  to   space 19968K, 0% used [0x00000007a2d80000,0x00000007a2d80000,0x00000007a4100000)
 ParOldGen       total 87040K, used 22476K [0x0000000740000000, 0x0000000745500000, 0x0000000795580000)
  object space 87040K, 25% used [0x0000000740000000,0x00000007415f33e8,0x0000000745500000)
 Metaspace       used 54223K, capacity 56568K, committed 56832K, reserved 1097728K
  class space    used 7174K, capacity 7607K, committed 7680K, reserved 1048576K
}

Deoptimization events (0 events):
No events

Internal exceptions (10 events):
Event: 46.782 Thread 0x00007fefe5d8e800 Exception <a 'java/lang/ArrayIndexOutOfBoundsException'> (0x000000079aa07c40) thrown at [/HUDSON3/workspace/8-2-build-macosx-x86_64/jdk8u101/7261/hotspot/src/share/vm/runtime/sharedRuntime.cpp, line 605]
Event: 46.783 Thread 0x00007fefe5d8e800 Exception <a 'java/lang/ClassNotFoundException': org/thymeleaf/spring5/view/ThymeleafViewCustomizer> (0x000000079aa2b1b8) thrown at [/HUDSON3/workspace/8-2-build-macosx-x86_64/jdk8u101/7261/hotspot/src/share/vm/classfile/systemDictionary.cpp, line 210]
Event: 46.783 Thread 0x00007fefe5d8e800 Exception <a 'java/lang/ArrayIndexOutOfBoundsException'> (0x000000079aa2da78) thrown at [/HUDSON3/workspace/8-2-build-macosx-x86_64/jdk8u101/7261/hotspot/src/share/vm/runtime/sharedRuntime.cpp, line 605]
Event: 46.784 Thread 0x00007fefe5d8e800 Exception <a 'java/lang/ClassNotFoundException': org/springframework/web/servlet/ViewCustomizer> (0x000000079aa4ed78) thrown at [/HUDSON3/workspace/8-2-build-macosx-x86_64/jdk8u101/7261/hotspot/src/share/vm/classfile/systemDictionary.cpp, line 210]
Event: 46.784 Thread 0x00007fefe5d8e800 Exception <a 'java/lang/ArrayIndexOutOfBoundsException'> (0x000000079aa50608) thrown at [/HUDSON3/workspace/8-2-build-macosx-x86_64/jdk8u101/7261/hotspot/src/share/vm/runtime/sharedRuntime.cpp, line 605]
Event: 46.785 Thread 0x00007fefe5d8e800 Exception <a 'java/lang/ClassNotFoundException': org/springframework/beans/factory/BeanNameAwareCustomizer> (0x000000079aa6ada8) thrown at [/HUDSON3/workspace/8-2-build-macosx-x86_64/jdk8u101/7261/hotspot/src/share/vm/classfile/systemDictionary.cpp, line 
Event: 46.786 Thread 0x00007fefe5d8e800 Exception <a 'java/lang/ClassNotFoundException': org/springframework/web/context/ServletContextAwareCustomizer> (0x000000079aa86118) thrown at [/HUDSON3/workspace/8-2-build-macosx-x86_64/jdk8u101/7261/hotspot/src/share/vm/classfile/systemDictionary.cpp, l
Event: 46.787 Thread 0x00007fefe5d8e800 Exception <a 'java/lang/ClassNotFoundException': org/springframework/context/ApplicationContextAwareCustomizer> (0x000000079aaa1510) thrown at [/HUDSON3/workspace/8-2-build-macosx-x86_64/jdk8u101/7261/hotspot/src/share/vm/classfile/systemDictionary.cpp, l
Event: 187.150 Thread 0x00007fefe6872800 Exception <a 'java/lang/ClassCastException': java.lang.String cannot be cast to java.lang.Integer> (0x000000079b0b1fb8) thrown at [/HUDSON3/workspace/8-2-build-macosx-x86_64/jdk8u101/7261/hotspot/src/share/vm/interpreter/interpreterRuntime.cpp, line 381]
Event: 191.448 Thread 0x00007fefe6872800 Exception <a 'java/lang/reflect/InvocationTargetException'> (0x000000079b0b2590) thrown at [/HUDSON3/workspace/8-2-build-macosx-x86_64/jdk8u101/7261/hotspot/src/share/vm/runtime/reflection.cpp, line 1092]

Events (10 events):
Event: 339.567 Executing VM operation: GetCurrentLocation
Event: 339.567 Executing VM operation: GetCurrentLocation done
Event: 339.567 Executing VM operation: EnterInterpOnlyMode
Event: 339.567 Executing VM operation: EnterInterpOnlyMode done
Event: 339.567 Executing VM operation: ChangeSingleStep
Event: 339.567 Executing VM operation: ChangeSingleStep done
Event: 339.568 Executing VM operation: ChangeSingleStep
Event: 339.568 Executing VM operation: ChangeSingleStep done
Event: 339.585 Executing VM operation: RedefineClasses
Event: 339.692 Executing VM operation: RedefineClasses done


Dynamic libraries:
0x0000000027e6a000 	/System/Library/Frameworks/Cocoa.framework/Versions/A/Cocoa
0x0000000027e6a000 	/System/Library/Frameworks/Security.framework/Versions/A/Security
0x0000000027e6a000 	/System/Library/Frameworks/ApplicationServices.framework/Versions/A/ApplicationServices
0x0000000027e6a000 	/usr/lib/libz.1.dylib
0x0000000027e6a000 	/usr/lib/libSystem.B.dylib
0x0000000027e6a000 	/usr/lib/libobjc.A.dylib
0x0000000027e6a000 	/System/Library/Frameworks/CoreFoundation.framework/Versions/A/CoreFoundation
0x0000000027e6a000 	/System/Library/Frameworks/Foundation.framework/Versions/C/Foundation
0x0000000027e6a000 	/System/Library/Frameworks/AppKit.framework/Versions/C/AppKit
0x0000000027e6a000 	/System/Library/Frameworks/CoreData.framework/Versions/A/CoreData
0x0000000027e6a000 	/System/Library/PrivateFrameworks/RemoteViewServices.framework/Versions/A/RemoteViewServices
0x0000000027e6a000 	/System/Library/PrivateFrameworks/UIFoundation.framework/Versions/A/UIFoundation
0x0000000027e6a000 	/System/Library/PrivateFrameworks/DFRFoundation.framework/Versions/A/DFRFoundation
0x0000000027e6a000 	/System/Library/Frameworks/Metal.framework/Versions/A/Metal
0x0000000027e6a000 	/System/Library/PrivateFrameworks/DesktopServicesPriv.framework/Versions/A/DesktopServicesPriv
0x0000000027e6a000 	/usr/lib/libenergytrace.dylib
0x0000000027e6a000 	/System/Library/PrivateFrameworks/SkyLight.framework/Versions/A/SkyLight
0x0000000027e6a000 	/System/Library/Frameworks/CoreGraphics.framework/Versions/A/CoreGraphics
0x0000000027e6a000 	/usr/lib/libScreenReader.dylib
0x0000000027e6a000 	/System/Library/Frameworks/Accelerate.framework/Versions/A/Accelerate
0x0000000027e6a000 	/System/Library/Frameworks/IOSurface.framework/Versions/A/IOSurface
0x0000000027e6a000 	/System/Library/Frameworks/AudioToolbox.framework/Versions/A/AudioToolbox
0x0000000027e6a000 	/System/Library/Frameworks/AudioUnit.framework/Versions/A/AudioUnit
0x0000000027e6a000 	/System/Library/PrivateFrameworks/DataDetectorsCore.framework/Versions/A/DataDetectorsCore
0x0000000027e6a000 	/System/Library/Frameworks/Carbon.framework/Versions/A/Frameworks/HIToolbox.framework/Versions/A/HIToolbox
0x0000000027e6a000 	/usr/lib/libicucore.A.dylib
0x0000000027e6a000 	/System/Library/Frameworks/QuartzCore.framework/Versions/A/QuartzCore
0x0000000027e6a000 	/System/Library/PrivateFrameworks/SignpostNotification.framework/Versions/A/SignpostNotification
0x0000000027e6a000 	/System/Library/Frameworks/Carbon.framework/Versions/A/Frameworks/SpeechRecognition.framework/Versions/A/SpeechRecognition
0x0000000027e6a000 	/usr/lib/libauto.dylib
0x0000000027e6a000 	/usr/lib/libxml2.2.dylib
0x0000000027e6a000 	/System/Library/PrivateFrameworks/CoreUI.framework/Versions/A/CoreUI
0x0000000027e6a000 	/System/Library/Frameworks/CoreAudio.framework/Versions/A/CoreAudio
0x0000000027e6a000 	/System/Library/Frameworks/DiskArbitration.framework/Versions/A/DiskArbitration
0x0000000027e6a000 	/usr/lib/liblangid.dylib
0x0000000027e6a000 	/System/Library/PrivateFrameworks/MultitouchSupport.framework/Versions/A/MultitouchSupport
0x0000000027e6a000 	/System/Library/Frameworks/IOKit.framework/Versions/A/IOKit
0x0000000027e6a000 	/usr/lib/libDiagnosticMessagesClient.dylib
0x0000000027e6a000 	/System/Library/Frameworks/CoreServices.framework/Versions/A/CoreServices
0x0000000027e6a000 	/System/Library/PrivateFrameworks/PerformanceAnalysis.framework/Versions/A/PerformanceAnalysis
0x0000000027e6a000 	/System/Library/Frameworks/OpenGL.framework/Versions/A/OpenGL
0x0000000027e6a000 	/System/Library/Frameworks/ColorSync.framework/Versions/A/ColorSync
0x0000000027e6a000 	/System/Library/Frameworks/CoreImage.framework/Versions/A/CoreImage
0x0000000027e6a000 	/System/Library/Frameworks/CoreText.framework/Versions/A/CoreText
0x0000000027e6a000 	/System/Library/Frameworks/ImageIO.framework/Versions/A/ImageIO
0x0000000027e6a000 	/System/Library/PrivateFrameworks/Backup.framework/Versions/A/Backup
0x0000000027e6a000 	/usr/lib/libarchive.2.dylib
0x0000000027e6a000 	/System/Library/Frameworks/CFNetwork.framework/Versions/A/CFNetwork
0x0000000027e6a000 	/System/Library/Frameworks/SystemConfiguration.framework/Versions/A/SystemConfiguration
0x0000000027e6a000 	/usr/lib/libCRFSuite.dylib
0x0000000027e6a000 	/usr/lib/libc++.1.dylib
0x0000000027e6a000 	/usr/lib/libc++abi.dylib
0x0000000027e6a000 	/usr/lib/system/libcache.dylib
0x0000000027e6a000 	/usr/lib/system/libcommonCrypto.dylib
0x0000000027e6a000 	/usr/lib/system/libcompiler_rt.dylib
0x0000000027e6a000 	/usr/lib/system/libcopyfile.dylib
0x0000000027e6a000 	/usr/lib/system/libcorecrypto.dylib
0x0000000027e6a000 	/usr/lib/system/libdispatch.dylib
0x0000000027e6a000 	/usr/lib/system/libdyld.dylib
0x0000000027e6a000 	/usr/lib/system/libkeymgr.dylib
0x0000000027e6a000 	/usr/lib/system/liblaunch.dylib
0x0000000027e6a000 	/usr/lib/system/libmacho.dylib
0x0000000027e6a000 	/usr/lib/system/libquarantine.dylib
0x0000000027e6a000 	/usr/lib/system/libremovefile.dylib
0x0000000027e6a000 	/usr/lib/system/libsystem_asl.dylib
0x0000000027e6a000 	/usr/lib/system/libsystem_blocks.dylib
0x0000000027e6a000 	/usr/lib/system/libsystem_c.dylib
0x0000000027e6a000 	/usr/lib/system/libsystem_configuration.dylib
0x0000000027e6a000 	/usr/lib/system/libsystem_coreservices.dylib
0x0000000027e6a000 	/usr/lib/system/libsystem_darwin.dylib
0x0000000027e6a000 	/usr/lib/system/libsystem_dnssd.dylib
0x0000000027e6a000 	/usr/lib/system/libsystem_info.dylib
0x0000000027e6a000 	/usr/lib/system/libsystem_m.dylib
0x0000000027e6a000 	/usr/lib/system/libsystem_malloc.dylib
0x0000000027e6a000 	/usr/lib/system/libsystem_network.dylib
0x0000000027e6a000 	/usr/lib/system/libsystem_networkextension.dylib
0x0000000027e6a000 	/usr/lib/system/libsystem_notify.dylib
0x0000000027e6a000 	/usr/lib/system/libsystem_sandbox.dylib
0x0000000027e6a000 	/usr/lib/system/libsystem_secinit.dylib
0x0000000027e6a000 	/usr/lib/system/libsystem_kernel.dylib
0x0000000027e6a000 	/usr/lib/system/libsystem_platform.dylib
0x0000000027e6a000 	/usr/lib/system/libsystem_pthread.dylib
0x0000000027e6a000 	/usr/lib/system/libsystem_symptoms.dylib
0x0000000027e6a000 	/usr/lib/system/libsystem_trace.dylib
0x0000000027e6a000 	/usr/lib/system/libunwind.dylib
0x0000000027e6a000 	/usr/lib/system/libxpc.dylib
0x0000000027e6a000 	/usr/lib/closure/libclosured.dylib
0x0000000027e6a000 	/usr/lib/libbsm.0.dylib
0x0000000027e6a000 	/usr/lib/system/libkxld.dylib
0x0000000027e6a000 	/usr/lib/libOpenScriptingUtil.dylib
0x0000000027e6a000 	/usr/lib/libcoretls.dylib
0x0000000027e6a000 	/usr/lib/libcoretls_cfhelpers.dylib
0x0000000027e6a000 	/usr/lib/libpam.2.dylib
0x0000000027e6a000 	/usr/lib/libsqlite3.dylib
0x0000000027e6a000 	/usr/lib/libxar.1.dylib
0x0000000027e6a000 	/usr/lib/libbz2.1.0.dylib
0x0000000027e6a000 	/usr/lib/liblzma.5.dylib
0x0000000027e6a000 	/usr/lib/libnetwork.dylib
0x0000000027e6a000 	/usr/lib/libapple_nghttp2.dylib
0x0000000027e6a000 	/usr/lib/libpcap.A.dylib
0x0000000027e6a000 	/usr/lib/libboringssl.dylib
0x0000000027e6a000 	/usr/lib/libusrtcp.dylib
0x0000000027e6a000 	/usr/lib/libapple_crypto.dylib
0x0000000027e6a000 	/System/Library/Frameworks/CoreServices.framework/Versions/A/Frameworks/FSEvents.framework/Versions/A/FSEvents
0x0000000027e6a000 	/System/Library/Frameworks/CoreServices.framework/Versions/A/Frameworks/CarbonCore.framework/Versions/A/CarbonCore
0x0000000027e6a000 	/System/Library/Frameworks/CoreServices.framework/Versions/A/Frameworks/Metadata.framework/Versions/A/Metadata
0x0000000027e6a000 	/System/Library/Frameworks/CoreServices.framework/Versions/A/Frameworks/OSServices.framework/Versions/A/OSServices
0x0000000027e6a000 	/System/Library/Frameworks/CoreServices.framework/Versions/A/Frameworks/SearchKit.framework/Versions/A/SearchKit
0x0000000027e6a000 	/System/Library/Frameworks/CoreServices.framework/Versions/A/Frameworks/AE.framework/Versions/A/AE
0x0000000027e6a000 	/System/Library/Frameworks/CoreServices.framework/Versions/A/Frameworks/LaunchServices.framework/Versions/A/LaunchServices
0x0000000027e6a000 	/System/Library/Frameworks/CoreServices.framework/Versions/A/Frameworks/DictionaryServices.framework/Versions/A/DictionaryServices
0x0000000027e6a000 	/System/Library/Frameworks/CoreServices.framework/Versions/A/Frameworks/SharedFileList.framework/Versions/A/SharedFileList
0x0000000027e6a000 	/System/Library/Frameworks/NetFS.framework/Versions/A/NetFS
0x0000000027e6a000 	/System/Library/PrivateFrameworks/NetAuth.framework/Versions/A/NetAuth
0x0000000027e6a000 	/System/Library/PrivateFrameworks/login.framework/Versions/A/Frameworks/loginsupport.framework/Versions/A/loginsupport
0x0000000027e6a000 	/System/Library/PrivateFrameworks/TCC.framework/Versions/A/TCC
0x0000000027e6a000 	/usr/lib/libmecabra.dylib
0x0000000027e6a000 	/System/Library/Frameworks/ApplicationServices.framework/Versions/A/Frameworks/ATS.framework/Versions/A/ATS
0x0000000027e6a000 	/System/Library/Frameworks/ApplicationServices.framework/Versions/A/Frameworks/ColorSyncLegacy.framework/Versions/A/ColorSyncLegacy
0x0000000027e6a000 	/System/Library/Frameworks/ApplicationServices.framework/Versions/A/Frameworks/HIServices.framework/Versions/A/HIServices
0x0000000027e6a000 	/System/Library/Frameworks/ApplicationServices.framework/Versions/A/Frameworks/LangAnalysis.framework/Versions/A/LangAnalysis
0x0000000027e6a000 	/System/Library/Frameworks/ApplicationServices.framework/Versions/A/Frameworks/PrintCore.framework/Versions/A/PrintCore
0x0000000027e6a000 	/System/Library/Frameworks/ApplicationServices.framework/Versions/A/Frameworks/QD.framework/Versions/A/QD
0x0000000027e6a000 	/System/Library/Frameworks/ApplicationServices.framework/Versions/A/Frameworks/SpeechSynthesis.framework/Versions/A/SpeechSynthesis
0x0000000027e6a000 	/System/Library/Frameworks/CoreDisplay.framework/Versions/A/CoreDisplay
0x0000000027e6a000 	/System/Library/Frameworks/Accelerate.framework/Versions/A/Frameworks/vImage.framework/Versions/A/vImage
0x0000000027e6a000 	/System/Library/Frameworks/Accelerate.framework/Versions/A/Frameworks/vecLib.framework/Versions/A/vecLib
0x0000000027e6a000 	/System/Library/Frameworks/Accelerate.framework/Versions/A/Frameworks/vecLib.framework/Versions/A/libvDSP.dylib
0x0000000027e6a000 	/System/Library/Frameworks/Accelerate.framework/Versions/A/Frameworks/vecLib.framework/Versions/A/libBNNS.dylib
0x0000000027e6a000 	/System/Library/Frameworks/Accelerate.framework/Versions/A/Frameworks/vecLib.framework/Versions/A/libQuadrature.dylib
0x0000000027e6a000 	/System/Library/Frameworks/Accelerate.framework/Versions/A/Frameworks/vecLib.framework/Versions/A/libvMisc.dylib
0x0000000027e6a000 	/System/Library/Frameworks/Accelerate.framework/Versions/A/Frameworks/vecLib.framework/Versions/A/libLAPACK.dylib
0x0000000027e6a000 	/System/Library/Frameworks/Accelerate.framework/Versions/A/Frameworks/vecLib.framework/Versions/A/libBLAS.dylib
0x0000000027e6a000 	/System/Library/Frameworks/Accelerate.framework/Versions/A/Frameworks/vecLib.framework/Versions/A/libLinearAlgebra.dylib
0x0000000027e6a000 	/System/Library/Frameworks/Accelerate.framework/Versions/A/Frameworks/vecLib.framework/Versions/A/libSparse.dylib
0x0000000027e6a000 	/System/Library/Frameworks/Accelerate.framework/Versions/A/Frameworks/vecLib.framework/Versions/A/libSparseBLAS.dylib
0x0000000027e6a000 	/System/Library/PrivateFrameworks/GPUWrangler.framework/Versions/A/GPUWrangler
0x0000000027e6a000 	/System/Library/PrivateFrameworks/IOAccelerator.framework/Versions/A/IOAccelerator
0x0000000027e6a000 	/System/Library/PrivateFrameworks/IOPresentment.framework/Versions/A/IOPresentment
0x0000000027e6a000 	/System/Library/PrivateFrameworks/DSExternalDisplay.framework/Versions/A/DSExternalDisplay
0x0000000027e6a000 	/System/Library/Frameworks/OpenGL.framework/Versions/A/Libraries/libCoreFSCache.dylib
0x0000000027e6a000 	/System/Library/Frameworks/CoreVideo.framework/Versions/A/CoreVideo
0x0000000027e6a000 	/System/Library/PrivateFrameworks/GraphVisualizer.framework/Versions/A/GraphVisualizer
0x0000000027e6a000 	/System/Library/Frameworks/MetalPerformanceShaders.framework/Versions/A/MetalPerformanceShaders
0x0000000027e6a000 	/usr/lib/libFosl_dynamic.dylib
0x0000000027e6a000 	/System/Library/PrivateFrameworks/FaceCore.framework/Versions/A/FaceCore
0x0000000027e6a000 	/System/Library/Frameworks/OpenCL.framework/Versions/A/OpenCL
0x0000000027e6a000 	/usr/lib/libcompression.dylib
0x0000000027e6a000 	/System/Library/Frameworks/ApplicationServices.framework/Versions/A/Frameworks/ATS.framework/Versions/A/Resources/libFontParser.dylib
0x0000000027e6a000 	/System/Library/Frameworks/ApplicationServices.framework/Versions/A/Frameworks/ATS.framework/Versions/A/Resources/libFontRegistry.dylib
0x0000000027e6a000 	/System/Library/Frameworks/ImageIO.framework/Versions/A/Resources/libJPEG.dylib
0x0000000027e6a000 	/System/Library/Frameworks/ImageIO.framework/Versions/A/Resources/libTIFF.dylib
0x0000000027e6a000 	/System/Library/Frameworks/ImageIO.framework/Versions/A/Resources/libPng.dylib
0x0000000027e6a000 	/System/Library/Frameworks/ImageIO.framework/Versions/A/Resources/libGIF.dylib
0x0000000027e6a000 	/System/Library/Frameworks/ImageIO.framework/Versions/A/Resources/libJP2.dylib
0x0000000027e6a000 	/System/Library/Frameworks/ImageIO.framework/Versions/A/Resources/libRadiance.dylib
0x0000000027e6a000 	/System/Library/PrivateFrameworks/AppleJPEG.framework/Versions/A/AppleJPEG
0x0000000027e6a000 	/System/Library/Frameworks/MetalPerformanceShaders.framework/Frameworks/MPSCore.framework/Versions/A/MPSCore
0x0000000027e6a000 	/System/Library/Frameworks/MetalPerformanceShaders.framework/Frameworks/MPSImage.framework/Versions/A/MPSImage
0x0000000027e6a000 	/System/Library/Frameworks/MetalPerformanceShaders.framework/Frameworks/MPSNeuralNetwork.framework/Versions/A/MPSNeuralNetwork
0x0000000027e6a000 	/System/Library/Frameworks/MetalPerformanceShaders.framework/Frameworks/MPSMatrix.framework/Versions/A/MPSMatrix
0x0000000027e6a000 	/System/Library/PrivateFrameworks/MetalTools.framework/Versions/A/MetalTools
0x0000000027e6a000 	/System/Library/Frameworks/OpenGL.framework/Versions/A/Libraries/libGLU.dylib
0x0000000027e6a000 	/System/Library/Frameworks/OpenGL.framework/Versions/A/Libraries/libGFXShared.dylib
0x0000000027e6a000 	/System/Library/Frameworks/OpenGL.framework/Versions/A/Libraries/libGL.dylib
0x0000000027e6a000 	/System/Library/Frameworks/OpenGL.framework/Versions/A/Libraries/libGLImage.dylib
0x0000000027e6a000 	/System/Library/Frameworks/OpenGL.framework/Versions/A/Libraries/libCVMSPluginSupport.dylib
0x0000000027e6a000 	/System/Library/Frameworks/OpenGL.framework/Versions/A/Libraries/libCoreVMClient.dylib
0x0000000027e6a000 	/usr/lib/libcups.2.dylib
0x0000000027e6a000 	/System/Library/Frameworks/Kerberos.framework/Versions/A/Kerberos
0x0000000027e6a000 	/System/Library/Frameworks/GSS.framework/Versions/A/GSS
0x0000000027e6a000 	/usr/lib/libresolv.9.dylib
0x0000000027e6a000 	/usr/lib/libiconv.2.dylib
0x0000000027e6a000 	/System/Library/PrivateFrameworks/Heimdal.framework/Versions/A/Heimdal
0x0000000027e6a000 	/usr/lib/libheimdal-asn1.dylib
0x0000000027e6a000 	/System/Library/Frameworks/OpenDirectory.framework/Versions/A/OpenDirectory
0x0000000027e6a000 	/System/Library/PrivateFrameworks/CommonAuth.framework/Versions/A/CommonAuth
0x0000000027e6a000 	/System/Library/Frameworks/OpenDirectory.framework/Versions/A/Frameworks/CFOpenDirectory.framework/Versions/A/CFOpenDirectory
0x0000000027e6a000 	/System/Library/Frameworks/SecurityFoundation.framework/Versions/A/SecurityFoundation
0x0000000027e6a000 	/System/Library/PrivateFrameworks/APFS.framework/Versions/A/APFS
0x0000000027e6a000 	/usr/lib/libutil.dylib
0x0000000027e6a000 	/System/Library/PrivateFrameworks/AppleSauce.framework/Versions/A/AppleSauce
0x0000000027e6a000 	/System/Library/PrivateFrameworks/LinguisticData.framework/Versions/A/LinguisticData
0x0000000027e6a000 	/usr/lib/libmarisa.dylib
0x0000000027e6a000 	/System/Library/PrivateFrameworks/Lexicon.framework/Versions/A/Lexicon
0x0000000027e6a000 	/usr/lib/libChineseTokenizer.dylib
0x0000000027e6a000 	/usr/lib/libcmph.dylib
0x0000000027e6a000 	/System/Library/PrivateFrameworks/LanguageModeling.framework/Versions/A/LanguageModeling
0x0000000027e6a000 	/System/Library/PrivateFrameworks/CoreEmoji.framework/Versions/A/CoreEmoji
0x0000000027e6a000 	/System/Library/Frameworks/ServiceManagement.framework/Versions/A/ServiceManagement
0x0000000027e6a000 	/System/Library/PrivateFrameworks/BackgroundTaskManagement.framework/Versions/A/BackgroundTaskManagement
0x0000000027e6a000 	/usr/lib/libxslt.1.dylib
0x0000000027e6a000 	/System/Library/Frameworks/Carbon.framework/Versions/A/Frameworks/Ink.framework/Versions/A/Ink
0x0000000027e6a000 	/System/Library/PrivateFrameworks/TextureIO.framework/Versions/A/TextureIO
0x0000000027e6a000 	/usr/lib/libate.dylib
0x0000000027e6a000 	/System/Library/PrivateFrameworks/CrashReporterSupport.framework/Versions/A/CrashReporterSupport
0x0000000027e6a000 	/System/Library/PrivateFrameworks/Sharing.framework/Versions/A/Sharing
0x0000000027e6a000 	/System/Library/PrivateFrameworks/IconServices.framework/Versions/A/IconServices
0x0000000027e6a000 	/System/Library/PrivateFrameworks/AuthKit.framework/Versions/A/AuthKit
0x0000000027e6a000 	/System/Library/PrivateFrameworks/Apple80211.framework/Versions/A/Apple80211
0x0000000027e6a000 	/System/Library/PrivateFrameworks/CoreUtils.framework/Versions/A/CoreUtils
0x0000000027e6a000 	/System/Library/Frameworks/CoreWLAN.framework/Versions/A/CoreWLAN
0x0000000027e6a000 	/System/Library/Frameworks/IOBluetooth.framework/Versions/A/IOBluetooth
0x0000000027e6a000 	/System/Library/PrivateFrameworks/ProtocolBuffer.framework/Versions/A/ProtocolBuffer
0x0000000027e6a000 	/System/Library/PrivateFrameworks/MobileKeyBag.framework/Versions/A/MobileKeyBag
0x0000000027e6a000 	/System/Library/PrivateFrameworks/CorePhoneNumbers.framework/Versions/A/CorePhoneNumbers
0x0000000027e6a000 	/System/Library/PrivateFrameworks/AppleIDAuthSupport.framework/Versions/A/AppleIDAuthSupport
0x0000000027e6a000 	/System/Library/PrivateFrameworks/KeychainCircle.framework/Versions/A/KeychainCircle
0x0000000027e6a000 	/System/Library/PrivateFrameworks/CoreWiFi.framework/Versions/A/CoreWiFi
0x0000000027e6a000 	/System/Library/Frameworks/CoreBluetooth.framework/Versions/A/CoreBluetooth
0x0000000027e6a000 	/System/Library/PrivateFrameworks/DebugSymbols.framework/Versions/A/DebugSymbols
0x0000000027e6a000 	/System/Library/PrivateFrameworks/CoreSymbolication.framework/Versions/A/CoreSymbolication
0x0000000027e6a000 	/System/Library/PrivateFrameworks/Symbolication.framework/Versions/A/Symbolication
0x0000000027e6a000 	/System/Library/PrivateFrameworks/AppleFSCompression.framework/Versions/A/AppleFSCompression
0x0000000027e6a000 	/System/Library/PrivateFrameworks/SpeechRecognitionCore.framework/Versions/A/SpeechRecognitionCore
0x0000000027e6a000 	/System/Library/CoreServices/Encodings/libJapaneseConverter.dylib
0x0000000101400000 	/Library/Java/JavaVirtualMachines/jdk1.8.0_101.jdk/Contents/Home/jre/lib/server/libjvm.dylib
0x0000000027e6a000 	/usr/lib/libstdc++.6.0.9.dylib
0x0000000100a59000 	/Library/Java/JavaVirtualMachines/jdk1.8.0_101.jdk/Contents/Home/jre/lib/libverify.dylib
0x0000000100a67000 	/Library/Java/JavaVirtualMachines/jdk1.8.0_101.jdk/Contents/Home/jre/lib/libjava.dylib
0x0000000100a9d000 	/Library/Java/JavaVirtualMachines/jdk1.8.0_101.jdk/Contents/Home/jre/lib/libjdwp.dylib
0x0000000100ae8000 	/Library/Java/JavaVirtualMachines/jdk1.8.0_101.jdk/Contents/Home/jre/lib/libnpt.dylib
0x0000000100b35000 	/Library/Java/JavaVirtualMachines/jdk1.8.0_101.jdk/Contents/Home/jre/lib/libzip.dylib
0x0000000027e6a000 	/System/Library/Frameworks/JavaVM.framework/Versions/A/Frameworks/JavaRuntimeSupport.framework/Versions/A/JavaRuntimeSupport
0x0000000027e6a000 	/System/Library/Frameworks/JavaVM.framework/Versions/A/Frameworks/JavaNativeFoundation.framework/Versions/A/JavaNativeFoundation
0x0000000027e6a000 	/System/Library/Frameworks/JavaVM.framework/Versions/A/JavaVM
0x0000000027e6a000 	/System/Library/Frameworks/Carbon.framework/Versions/A/Carbon
0x0000000027e6a000 	/System/Library/PrivateFrameworks/JavaLaunching.framework/Versions/A/JavaLaunching
0x0000000027e6a000 	/System/Library/Frameworks/Carbon.framework/Versions/A/Frameworks/CommonPanels.framework/Versions/A/CommonPanels
0x0000000027e6a000 	/System/Library/Frameworks/Carbon.framework/Versions/A/Frameworks/Help.framework/Versions/A/Help
0x0000000027e6a000 	/System/Library/Frameworks/Carbon.framework/Versions/A/Frameworks/ImageCapture.framework/Versions/A/ImageCapture
0x0000000027e6a000 	/System/Library/Frameworks/Carbon.framework/Versions/A/Frameworks/OpenScripting.framework/Versions/A/OpenScripting
0x0000000027e6a000 	/System/Library/Frameworks/Carbon.framework/Versions/A/Frameworks/Print.framework/Versions/A/Print
0x0000000027e6a000 	/System/Library/Frameworks/Carbon.framework/Versions/A/Frameworks/SecurityHI.framework/Versions/A/SecurityHI
0x0000000100bf2000 	/Library/Java/JavaVirtualMachines/jdk1.8.0_101.jdk/Contents/Home/jre/lib/libdt_socket.dylib
0x0000000104c8f000 	/Library/Java/JavaVirtualMachines/jdk1.8.0_101.jdk/Contents/Home/jre/lib/libmanagement.dylib
0x0000000104c9d000 	/Library/Java/JavaVirtualMachines/jdk1.8.0_101.jdk/Contents/Home/jre/lib/libnet.dylib
0x0000000104cfc000 	/Library/Java/JavaVirtualMachines/jdk1.8.0_101.jdk/Contents/Home/jre/lib/libnio.dylib
0x000000011c1ed000 	/Library/Java/JavaVirtualMachines/jdk1.8.0_101.jdk/Contents/Home/jre/lib/libsunec.dylib

VM Arguments:
jvm_args: -agentlib:jdwp=transport=dt_socket,suspend=y,address=localhost:61367 -Dcom.sun.management.jmxremote -Dcom.sun.management.jmxremote.port=61366 -Dcom.sun.management.jmxremote.authenticate=false -Dcom.sun.management.jmxremote.ssl=false -Djava.rmi.server.hostname=localhost -Dspring.application.admin.enabled=true -Djava.security.egd=file:/dev/./urandom -Xverify:none -XX:TieredStopAtLevel=1 -Dfile.encoding=UTF-8 
java_command: com.example.CategorytreeApplication
java_class_path (initial): /Users/madeoffat/eclipse-workspace/categorytree/target/classes:/Users/madeoffat/.m2/repository/javax/annotation/javax.annotation-api/1.3.2/javax.annotation-api-1.3.2.jar:/Users/madeoffat/.m2/repository/javax/transaction/javax.transaction-api/1.2/javax.transaction-api-1.2.jar:/Users/madeoffat/.m2/repository/javax/validation/validation-api/2.0.1.Final/validation-api-2.0.1.Final.jar:/Users/madeoffat/.m2/repository/org/springframework/boot/spring-boot-starter-data-jpa/2.0.5.RELEASE/spring-boot-starter-data-jpa-2.0.5.RELEASE.jar:/Users/madeoffat/.m2/repository/org/springframework/boot/spring-boot-starter/2.0.5.RELEASE/spring-boot-starter-2.0.5.RELEASE.jar:/Users/madeoffat/.m2/repository/org/springframework/boot/spring-boot/2.0.5.RELEASE/spring-boot-2.0.5.RELEASE.jar:/Users/madeoffat/.m2/repository/org/springframework/spring-core/5.0.9.RELEASE/spring-core-5.0.9.RELEASE.jar:/Users/madeoffat/.m2/repository/org/springframework/spring-jcl/5.0.9.RELEASE/spring-jcl-5.0.9.RELEASE.jar:/Users/madeoffat/.m2/repository/org/springframework/spring-context/5.0.9.RELEASE/spring-context-5.0.9.RELEASE.jar:/Users/madeoffat/.m2/repository/org/springframework/spring-aop/5.0.9.RELEASE/spring-aop-5.0.9.RELEASE.jar:/Users/madeoffat/.m2/repository/org/springframework/spring-beans/5.0.9.RELEASE/spring-beans-5.0.9.RELEASE.jar:/Users/madeoffat/.m2/repository/org/springframework/spring-expression/5.0.9.RELEASE/spring-expression-5.0.9.RELEASE.jar:/Users/madeoffat/.m2/repository/org/springframework/boot/spring-boot-autoconfigure/2.0.5.RELEASE/spring-boot-autoconfigure-2.0.5.RELEASE.jar:/Users/madeoffat/.m2/repository/org/springframework/boot/spring-boot-starter-logging/2.0.5.RELEASE/spring-boot-starter-logging-2.0.5.RELEASE.jar:/Users/madeoffat/.m2/repository/ch/qos/logback/logback-classic/1.2.3/logback-classic-1.2.3.jar:/Users/madeoffat/.m2/repository/ch/qos/logback/logback-core/1.2.3/logback-core-1.2.3.jar:/Users/madeoffat/.m2/repository/org/slf4j/slf4j-api/1.7.25/slf4j-
Launcher Type: SUN_STANDARD

Environment Variables:
PATH=/usr/bin:/bin:/usr/sbin:/sbin
SHELL=/bin/bash

Signal Handlers:
SIGSEGV: [libjvm.dylib+0x5af145], sa_mask[0]=11111111011111110111111111111111, sa_flags=SA_ONSTACK|SA_RESTART|SA_SIGINFO
SIGBUS: [libjvm.dylib+0x5af145], sa_mask[0]=11111111011111110111111111111111, sa_flags=SA_RESTART|SA_SIGINFO
SIGFPE: [libjvm.dylib+0x48694c], sa_mask[0]=11111111011111110111111111111111, sa_flags=SA_RESTART|SA_SIGINFO
SIGPIPE: [libjvm.dylib+0x48694c], sa_mask[0]=11111111011111110111111111111111, sa_flags=SA_RESTART|SA_SIGINFO
SIGXFSZ: [libjvm.dylib+0x48694c], sa_mask[0]=11111111011111110111111111111111, sa_flags=SA_RESTART|SA_SIGINFO
SIGILL: [libjvm.dylib+0x48694c], sa_mask[0]=11111111011111110111111111111111, sa_flags=SA_RESTART|SA_SIGINFO
SIGUSR1: SIG_DFL, sa_mask[0]=00000000000000000000000000000000, sa_flags=none
SIGUSR2: [libjvm.dylib+0x48646a], sa_mask[0]=00100000000000000000000000000000, sa_flags=SA_RESTART|SA_SIGINFO
SIGHUP: [libjvm.dylib+0x484a41], sa_mask[0]=11111111011111110111111111111111, sa_flags=SA_RESTART|SA_SIGINFO
SIGINT: [libjvm.dylib+0x484a41], sa_mask[0]=11111111011111110111111111111111, sa_flags=SA_RESTART|SA_SIGINFO
SIGTERM: [libjvm.dylib+0x484a41], sa_mask[0]=11111111011111110111111111111111, sa_flags=SA_RESTART|SA_SIGINFO
SIGQUIT: [libjvm.dylib+0x484a41], sa_mask[0]=11111111011111110111111111111111, sa_flags=SA_RESTART|SA_SIGINFO


---------------  S Y S T E M  ---------------

OS:Bsduname:Darwin 17.7.0 Darwin Kernel Version 17.7.0: Thu Jun 21 22:53:14 PDT 2018; root:xnu-4570.71.2~1/RELEASE_X86_64 x86_64
rlimit: STACK 8192k, CORE 0k, NPROC 709, NOFILE 10240, AS infinity
load average:3.03 2.49 2.46

CPU:total 4 (2 cores per cpu, 2 threads per core) family 6 model 61 stepping 4, cmov, cx8, fxsr, mmx, sse, sse2, sse3, ssse3, sse4.1, sse4.2, popcnt, avx, avx2, aes, clmul, erms, 3dnowpref, lzcnt, ht, tsc, tscinvbit, bmi1, bmi2, adx

Memory: 4k page, physical 8388608k(17924k free)

/proc/meminfo:


vm_info: Java HotSpot(TM) 64-Bit Server VM (25.101-b13) for bsd-amd64 JRE (1.8.0_101-b13), built on Jun 22 2016 02:42:15 by "java_re" with gcc 4.2.1 (Based on Apple Inc. build 5658) (LLVM build 2336.11.00)

time: Fri Oct  5 00:33:23 2018
elapsed time: 340 seconds (0d 0h 5m 40s)

